<?xml version="1.0" encoding="UTF-8"?>
<!-- Generated by org.testng.reporters.JUnitXMLReporter -->
<testsuite ignored="0" hostname="DESKTOP-7ITE2N0" failures="0" tests="6" name="Test" time="44.09" errors="0" timestamp="2023-06-20T22:31:47 IST">
  <testcase classname="testClasses.Post_TC_1" name="execute" time="12.079"/>
  <testcase classname="testClasses.Post_TC_2" name="execute" time="5.922"/>
  <testcase classname="testClasses.Post_TC_3" name="execute" time="8.051"/>
  <testcase classname="testClasses.Post_TC_4" name="execute" time="7.464"/>
  <testcase classname="testClasses.Post_TC_5" name="execute" time="5.377"/>
  <testcase classname="testClasses.Post_TC_6" name="execute" time="4.825"/>
</testsuite> <!-- Test -->
