<?xml version="1.0" encoding="UTF-8"?>
<testng-results ignored="0" total="6" passed="6" failed="0" skipped="0">
  <reporter-output>
  </reporter-output>
  <suite started-at="2023-06-20T22:31:03 IST" name="Suite" finished-at="2023-06-20T22:31:47 IST" duration-ms="44090">
    <groups>
    </groups>
    <test started-at="2023-06-20T22:31:03 IST" name="Test" finished-at="2023-06-20T22:31:47 IST" duration-ms="44090">
      <class name="testClasses.Post_TC_2">
        <test-method signature="execute()[pri:0, instance:testClasses.Post_TC_2@1cf6d1be]" started-at="2023-06-20T22:31:16 IST" name="execute" finished-at="2023-06-20T22:31:22 IST" duration-ms="5922" status="PASS">
          <reporter-output>
          </reporter-output>
        </test-method> <!-- execute -->
      </class> <!-- testClasses.Post_TC_2 -->
      <class name="testClasses.Post_TC_1">
        <test-method signature="execute()[pri:0, instance:testClasses.Post_TC_1@7ef82753]" started-at="2023-06-20T22:31:03 IST" name="execute" finished-at="2023-06-20T22:31:15 IST" duration-ms="12079" status="PASS">
          <reporter-output>
          </reporter-output>
        </test-method> <!-- execute -->
      </class> <!-- testClasses.Post_TC_1 -->
      <class name="testClasses.Post_TC_6">
        <test-method signature="execute()[pri:0, instance:testClasses.Post_TC_6@53045c6c]" started-at="2023-06-20T22:31:43 IST" name="execute" finished-at="2023-06-20T22:31:47 IST" duration-ms="4825" status="PASS">
          <reporter-output>
          </reporter-output>
        </test-method> <!-- execute -->
      </class> <!-- testClasses.Post_TC_6 -->
      <class name="testClasses.Post_TC_5">
        <test-method signature="execute()[pri:0, instance:testClasses.Post_TC_5@795509d9]" started-at="2023-06-20T22:31:37 IST" name="execute" finished-at="2023-06-20T22:31:43 IST" duration-ms="5377" status="PASS">
          <reporter-output>
          </reporter-output>
        </test-method> <!-- execute -->
      </class> <!-- testClasses.Post_TC_5 -->
      <class name="testClasses.Post_TC_4">
        <test-method signature="execute()[pri:0, instance:testClasses.Post_TC_4@19e4653c]" started-at="2023-06-20T22:31:30 IST" name="execute" finished-at="2023-06-20T22:31:37 IST" duration-ms="7464" status="PASS">
          <reporter-output>
          </reporter-output>
        </test-method> <!-- execute -->
      </class> <!-- testClasses.Post_TC_4 -->
      <class name="testClasses.Post_TC_3">
        <test-method signature="execute()[pri:0, instance:testClasses.Post_TC_3@663c9e7a]" started-at="2023-06-20T22:31:22 IST" name="execute" finished-at="2023-06-20T22:31:30 IST" duration-ms="8051" status="PASS">
          <reporter-output>
          </reporter-output>
        </test-method> <!-- execute -->
      </class> <!-- testClasses.Post_TC_3 -->
    </test> <!-- Test -->
  </suite> <!-- Suite -->
</testng-results>
